{"name":"splider","hostname":"SC-10","pid":46172,"level":30,"msg":"begin","time":"2017-09-19T02:22:27.760Z","v":0}
{"name":"splider","hostname":"SC-10","pid":61880,"level":30,"msg":"initTask初始化完毕，本次任务最终的页码为1461","time":"2017-09-19T03:00:11.425Z","v":0}
{"name":"splider","hostname":"SC-10","pid":62904,"level":30,"msg":"initTask初始化完毕，本次任务最终的页码为1461","time":"2017-09-19T03:00:39.485Z","v":0}
{"name":"splider","hostname":"SC-10","pid":64320,"level":30,"msg":"nonono","time":"2017-09-19T03:03:23.887Z","v":0}
{"name":"splider","hostname":"SC-10","pid":64320,"level":40,"msg":"warn","time":"2017-09-19T03:03:23.887Z","v":0}
{"name":"splider","hostname":"SC-10","pid":64320,"level":50,"msg":"error","time":"2017-09-19T03:03:23.887Z","v":0}
{"name":"splider","hostname":"SC-10","pid":64320,"level":30,"msg":"initTask初始化完毕，本次任务最终的页码为1461","time":"2017-09-19T03:03:25.593Z","v":0}
{"name":"splider","hostname":"SC-10","pid":64012,"level":30,"msg":"nonono","time":"2017-09-19T03:03:52.675Z","v":0}
{"name":"splider","hostname":"SC-10","pid":64012,"level":40,"msg":"warn","time":"2017-09-19T03:03:52.676Z","v":0}
{"name":"splider","hostname":"SC-10","pid":64012,"level":50,"msg":"error","time":"2017-09-19T03:03:52.676Z","v":0}
{"name":"splider","hostname":"SC-10","pid":64012,"level":30,"msg":"initTask初始化完毕，本次任务最终的页码为1461","time":"2017-09-19T03:03:58.385Z","v":0}
{"name":"splider","hostname":"SC-10","pid":65484,"level":30,"msg":"nonono","time":"2017-09-19T03:04:48.953Z","v":0}
{"name":"splider","hostname":"SC-10","pid":65484,"level":40,"msg":"warn","time":"2017-09-19T03:04:48.954Z","v":0}
{"name":"splider","hostname":"SC-10","pid":65484,"level":50,"msg":"error","time":"2017-09-19T03:04:48.954Z","v":0}
{"name":"splider","hostname":"SC-10","pid":65484,"level":30,"msg":"initTask初始化完毕，本次任务最终的页码为1461","time":"2017-09-19T03:04:50.668Z","v":0}
{"name":"splider","hostname":"SC-10","pid":66160,"level":30,"msg":"nonono","time":"2017-09-19T03:07:28.783Z","v":0}
{"name":"splider","hostname":"SC-10","pid":66160,"level":40,"msg":"warn","time":"2017-09-19T03:07:28.784Z","v":0}
{"name":"splider","hostname":"SC-10","pid":66160,"level":50,"msg":"error","time":"2017-09-19T03:07:28.785Z","v":0}
{"name":"splider","hostname":"SC-10","pid":66160,"level":30,"msg":"initTask初始化完毕，本次任务最终的页码为1461","time":"2017-09-19T03:07:30.834Z","v":0}
{"name":"splider","hostname":"SC-10","pid":63876,"level":30,"msg":"nonono","time":"2017-09-19T03:12:10.217Z","v":0}
{"name":"splider","hostname":"SC-10","pid":63876,"level":40,"msg":"warn","time":"2017-09-19T03:12:10.217Z","v":0}
{"name":"splider","hostname":"SC-10","pid":63876,"level":50,"msg":"error","time":"2017-09-19T03:12:10.218Z","v":0}
{"name":"splider","hostname":"SC-10","pid":63876,"level":30,"msg":"initTask初始化完毕，本次任务最终的页码为1461","time":"2017-09-19T03:12:11.925Z","v":0}
{"name":"splider","hostname":"SC-10","pid":65196,"level":30,"msg":"nonono","time":"2017-09-19T03:17:26.974Z","v":0}
{"name":"splider","hostname":"SC-10","pid":65196,"level":40,"msg":"warn","time":"2017-09-19T03:17:26.975Z","v":0}
{"name":"splider","hostname":"SC-10","pid":65196,"level":50,"msg":"error","time":"2017-09-19T03:17:26.975Z","v":0}
{"name":"splider","hostname":"SC-10","pid":65196,"level":30,"msg":"initTask初始化完毕，本次任务最终的页码为1461","time":"2017-09-19T03:17:28.680Z","v":0}
{"name":"splider","hostname":"SC-10","pid":69884,"level":30,"msg":"nonono","time":"2017-09-19T03:17:40.498Z","v":0}
{"name":"splider","hostname":"SC-10","pid":69884,"level":40,"msg":"warn","time":"2017-09-19T03:18:09.669Z","v":0}
{"name":"splider","hostname":"SC-10","pid":69884,"level":50,"msg":"error","time":"2017-09-19T03:18:14.630Z","v":0}
{"name":"splider","hostname":"SC-10","pid":69884,"level":30,"msg":"initTask初始化完毕，本次任务最终的页码为1461","time":"2017-09-19T03:18:16.794Z","v":0}
{"name":"splider","hostname":"SC-10","pid":70584,"level":30,"msg":"nonono","time":"2017-09-19T03:18:39.320Z","v":0}
{"name":"splider","hostname":"SC-10","pid":70584,"level":40,"msg":"warn","time":"2017-09-19T03:18:39.321Z","v":0}
{"name":"splider","hostname":"SC-10","pid":70584,"level":50,"msg":"error","time":"2017-09-19T03:18:39.321Z","v":0}
{"name":"splider","hostname":"SC-10","pid":70584,"level":30,"msg":"initTask初始化完毕，本次任务最终的页码为1461","time":"2017-09-19T03:18:40.998Z","v":0}
{"name":"splider","hostname":"SC-10","pid":70644,"level":30,"msg":"nonono","time":"2017-09-19T03:19:25.255Z","v":0}
{"name":"splider","hostname":"SC-10","pid":70644,"level":40,"msg":"warn","time":"2017-09-19T03:19:33.458Z","v":0}
{"name":"splider","hostname":"SC-10","pid":70644,"level":50,"msg":"error","time":"2017-09-19T03:19:39.932Z","v":0}
{"name":"splider","hostname":"SC-10","pid":70644,"level":30,"msg":"initTask初始化完毕，本次任务最终的页码为1461","time":"2017-09-19T03:19:42.029Z","v":0}
{"name":"splider","hostname":"SC-10","pid":71428,"level":30,"msg":"nonono","time":"2017-09-19T03:20:05.113Z","v":0}
{"name":"splider","hostname":"SC-10","pid":71428,"level":40,"msg":"warn","time":"2017-09-19T03:20:05.114Z","v":0}
{"name":"splider","hostname":"SC-10","pid":71428,"level":50,"msg":"error","time":"2017-09-19T03:20:05.114Z","v":0}
{"name":"splider","hostname":"SC-10","pid":71428,"level":30,"msg":"initTask初始化完毕，本次任务最终的页码为1461","time":"2017-09-19T03:20:07.745Z","v":0}
{"name":"splider","hostname":"SC-10","pid":71268,"level":30,"msg":"nonono","time":"2017-09-19T03:20:17.290Z","v":0}
{"name":"splider","hostname":"SC-10","pid":71268,"level":40,"msg":"warn","time":"2017-09-19T03:20:17.291Z","v":0}
{"name":"splider","hostname":"SC-10","pid":71268,"level":50,"msg":"error","time":"2017-09-19T03:20:17.291Z","v":0}
{"name":"splider","hostname":"SC-10","pid":71268,"level":30,"msg":"initTask初始化完毕，本次任务最终的页码为1461","time":"2017-09-19T03:20:18.950Z","v":0}
{"name":"splider","hostname":"SC-10","pid":73244,"level":30,"msg":"nonono","time":"2017-09-19T03:23:03.188Z","v":0}
{"name":"splider","hostname":"SC-10","pid":73244,"level":40,"msg":"warn","time":"2017-09-19T03:23:03.189Z","v":0}
{"name":"splider","hostname":"SC-10","pid":73244,"level":50,"msg":"error","time":"2017-09-19T03:23:03.189Z","v":0}
{"name":"splider","hostname":"SC-10","pid":73244,"level":30,"msg":"initTask初始化完毕，本次任务最终的页码为1461","time":"2017-09-19T03:23:04.838Z","v":0}
{"name":"splider","hostname":"SC-10","pid":73308,"level":30,"msg":"initTask初始化完毕，本次任务最终的页码为1461","time":"2017-09-19T03:23:38.556Z","v":0}
{"name":"splider","hostname":"SC-10","pid":74200,"level":30,"msg":"initTask初始化完毕，本次任务最终的页码为1461","time":"2017-09-19T03:34:56.955Z","v":0}
{"name":"splider","hostname":"SC-10","pid":81848,"level":30,"msg":"initTask初始化完毕，本次任务最终的页码为1461","time":"2017-09-19T03:40:08.707Z","v":0}
{"name":"splider","hostname":"SC-10","pid":83068,"level":30,"msg":"initTask初始化完毕，本次任务最终的页码为1461","time":"2017-09-19T03:41:39.141Z","v":0}
{"name":"splider","hostname":"SC-10","pid":83148,"level":30,"msg":"initTask初始化完毕，本次任务最终的页码为1461","time":"2017-09-19T03:44:06.558Z","v":0}
