{"name":"splider","hostname":"SC-10","pid":64320,"level":40,"msg":"warn","time":"2017-09-19T03:03:23.887Z","v":0}
{"name":"splider","hostname":"SC-10","pid":64320,"level":50,"msg":"error","time":"2017-09-19T03:03:23.887Z","v":0}
{"name":"splider","hostname":"SC-10","pid":64012,"level":40,"msg":"warn","time":"2017-09-19T03:03:52.676Z","v":0}
{"name":"splider","hostname":"SC-10","pid":64012,"level":50,"msg":"error","time":"2017-09-19T03:03:52.676Z","v":0}
{"name":"splider","hostname":"SC-10","pid":65484,"level":40,"msg":"warn","time":"2017-09-19T03:04:48.954Z","v":0}
{"name":"splider","hostname":"SC-10","pid":65484,"level":50,"msg":"error","time":"2017-09-19T03:04:48.954Z","v":0}
{"name":"splider","hostname":"SC-10","pid":65048,"level":40,"msg":"warn","time":"2017-09-19T03:05:10.329Z","v":0}
{"name":"splider","hostname":"SC-10","pid":65048,"level":50,"msg":"error","time":"2017-09-19T03:05:10.330Z","v":0}
{"name":"splider","hostname":"SC-10","pid":65216,"level":40,"msg":"warn","time":"2017-09-19T03:05:27.285Z","v":0}
{"name":"splider","hostname":"SC-10","pid":65216,"level":50,"msg":"error","time":"2017-09-19T03:05:27.286Z","v":0}
{"name":"splider","hostname":"SC-10","pid":66160,"level":40,"msg":"warn","time":"2017-09-19T03:07:28.784Z","v":0}
{"name":"splider","hostname":"SC-10","pid":66160,"level":50,"msg":"error","time":"2017-09-19T03:07:28.785Z","v":0}
{"name":"splider","hostname":"SC-10","pid":63876,"level":40,"msg":"warn","time":"2017-09-19T03:12:10.217Z","v":0}
{"name":"splider","hostname":"SC-10","pid":63876,"level":50,"msg":"error","time":"2017-09-19T03:12:10.218Z","v":0}
{"name":"splider","hostname":"SC-10","pid":65196,"level":40,"msg":"warn","time":"2017-09-19T03:17:26.975Z","v":0}
{"name":"splider","hostname":"SC-10","pid":65196,"level":50,"msg":"error","time":"2017-09-19T03:17:26.975Z","v":0}
{"name":"splider","hostname":"SC-10","pid":69884,"level":40,"msg":"warn","time":"2017-09-19T03:18:09.669Z","v":0}
{"name":"splider","hostname":"SC-10","pid":69884,"level":50,"msg":"error","time":"2017-09-19T03:18:14.630Z","v":0}
{"name":"splider","hostname":"SC-10","pid":70584,"level":40,"msg":"warn","time":"2017-09-19T03:18:39.321Z","v":0}
{"name":"splider","hostname":"SC-10","pid":70584,"level":50,"msg":"error","time":"2017-09-19T03:18:39.321Z","v":0}
{"name":"splider","hostname":"SC-10","pid":70644,"level":40,"msg":"warn","time":"2017-09-19T03:19:33.458Z","v":0}
{"name":"splider","hostname":"SC-10","pid":70644,"level":50,"msg":"error","time":"2017-09-19T03:19:39.932Z","v":0}
{"name":"splider","hostname":"SC-10","pid":71428,"level":40,"msg":"warn","time":"2017-09-19T03:20:05.114Z","v":0}
{"name":"splider","hostname":"SC-10","pid":71428,"level":50,"msg":"error","time":"2017-09-19T03:20:05.114Z","v":0}
{"name":"splider","hostname":"SC-10","pid":71268,"level":40,"msg":"warn","time":"2017-09-19T03:20:17.291Z","v":0}
{"name":"splider","hostname":"SC-10","pid":71268,"level":50,"msg":"error","time":"2017-09-19T03:20:17.291Z","v":0}
{"name":"splider","hostname":"SC-10","pid":73244,"level":40,"msg":"warn","time":"2017-09-19T03:23:03.189Z","v":0}
{"name":"splider","hostname":"SC-10","pid":73244,"level":50,"msg":"error","time":"2017-09-19T03:23:03.189Z","v":0}
{"name":"splider","hostname":"SC-10","pid":165392,"level":50,"msg":"initSpliderTask处错误产生： {}","time":"2017-09-19T07:26:39.003Z","v":0}
{"name":"splider","hostname":"SC-10","pid":167652,"level":50,"msg":"initSpliderTask处错误产生： {}","time":"2017-09-19T07:28:02.800Z","v":0}
{"name":"splider","hostname":"SC-10","pid":168552,"level":50,"msg":"initSpliderTask处错误产生： {}","time":"2017-09-19T07:29:28.042Z","v":0}
{"name":"splider","hostname":"SC-10","pid":168860,"level":50,"msg":"initSpliderTask处错误产生： {\"message\":\"Schema hasn't been registered for model \\\"modelName\\\".\\nUse mongoose.model(name, schema)\",\"name\":\"MissingSchemaError\"}","time":"2017-09-19T07:29:40.042Z","v":0}
{"name":"splider","hostname":"SC-10","pid":230476,"level":50,"msg":"在获取第0页的时候产生了错误，{}","time":"2017-09-19T09:27:49.115Z","v":0}
